0 info it worked if it ends with ok
1 verbose cli [ '/usr/bin/nodejs', '/usr/bin/npm', 'start' ]
2 info using npm@3.8.6
3 info using node@v5.10.1
4 verbose run-script [ 'prestart', 'start', 'poststart' ]
5 info lifecycle @~prestart: @
6 silly lifecycle @~prestart: no script for prestart, continuing
7 info lifecycle @~start: @
8 verbose lifecycle @~start: unsafe-perm in lifecycle true
9 verbose lifecycle @~start: PATH: /usr/lib/node_modules/npm/bin/node-gyp-bin:/home/ismael/master/tesis/3-webpack/webpack-threejs-boilerplate/node_modules/.bin:/usr/bin:/home/ismael/maven/apache-maven-3.3.1/bin:/home/ismael/.rvm/gems/ruby-2.2.1/bin:/home/ismael/.rvm/gems/ruby-2.2.1@global/bin:/home/ismael/.rvm/rubies/ruby-2.2.1/bin:/usr/local/sbin:/usr/local/bin:/usr/sbin:/usr/bin:/sbin:/bin:/usr/games:/usr/local/games:/usr/lib/lightdm/lightdm:/usr/local/sbin:/usr/local/bin:/usr/sbin:/usr/bin:/sbin:/bin:/usr/games:/usr/lib/jvm/java-7-openjdk-amd64:/home/ismael/algs4/bin:/home/ismael/.rvm/bin
10 verbose lifecycle @~start: CWD: /home/ismael/master/tesis/3-webpack/webpack-threejs-boilerplate
11 silly lifecycle @~start: Args: [ '-c',
11 silly lifecycle   'webpack --config config/webpack.dev.js | webpack-dev-server --port 8080 --config config/webpack.dev.js --hot --history-api-fallback --progress --colors --inline --content-base ./build' ]
12 silly lifecycle @~start: Returned: code: 1  signal: null
13 info lifecycle @~start: Failed to exec start script
14 verbose stack Error: @ start: `webpack --config config/webpack.dev.js | webpack-dev-server --port 8080 --config config/webpack.dev.js --hot --history-api-fallback --progress --colors --inline --content-base ./build`
14 verbose stack Exit status 1
14 verbose stack     at EventEmitter.<anonymous> (/usr/lib/node_modules/npm/lib/utils/lifecycle.js:239:16)
14 verbose stack     at emitTwo (events.js:100:13)
14 verbose stack     at EventEmitter.emit (events.js:185:7)
14 verbose stack     at ChildProcess.<anonymous> (/usr/lib/node_modules/npm/lib/utils/spawn.js:24:14)
14 verbose stack     at emitTwo (events.js:100:13)
14 verbose stack     at ChildProcess.emit (events.js:185:7)
14 verbose stack     at maybeClose (internal/child_process.js:850:16)
14 verbose stack     at Process.ChildProcess._handle.onexit (internal/child_process.js:215:5)
15 verbose pkgid @
16 verbose cwd /home/ismael/master/tesis/3-webpack/webpack-threejs-boilerplate/config
17 error Linux 3.13.0-85-generic
18 error argv "/usr/bin/nodejs" "/usr/bin/npm" "start"
19 error node v5.10.1
20 error npm  v3.8.6
21 error code ELIFECYCLE
22 error @ start: `webpack --config config/webpack.dev.js | webpack-dev-server --port 8080 --config config/webpack.dev.js --hot --history-api-fallback --progress --colors --inline --content-base ./build`
22 error Exit status 1
23 error Failed at the @ start script 'webpack --config config/webpack.dev.js | webpack-dev-server --port 8080 --config config/webpack.dev.js --hot --history-api-fallback --progress --colors --inline --content-base ./build'.
23 error Make sure you have the latest version of node.js and npm installed.
23 error If you do, this is most likely a problem with the  package,
23 error not with npm itself.
23 error Tell the author that this fails on your system:
23 error     webpack --config config/webpack.dev.js | webpack-dev-server --port 8080 --config config/webpack.dev.js --hot --history-api-fallback --progress --colors --inline --content-base ./build
23 error You can get information on how to open an issue for this project with:
23 error     npm bugs
23 error Or if that isn't available, you can get their info via:
23 error     npm owner ls
23 error There is likely additional logging output above.
24 verbose exit [ 1, true ]
